<?xml version="1.0" encoding="UTF-8"?>
<!-- Generated by org.testng.reporters.JUnitReportReporter -->
<testsuite skipped="0" hostname="Bansal-PC" name="com.jbk.Login_DataProvider" tests="2" failures="0" timestamp="13 Mar 2018 16:50:03 GMT" time="2.784" errors="0">
  <testcase name="LoginTestCase" time="1.831" classname="com.jbk.Login_DataProvider"/>
  <testcase name="LoginTestCase" time="0.953" classname="com.jbk.Login_DataProvider"/>
</testsuite> <!-- com.jbk.Login_DataProvider -->
