<?xml version="1.0" encoding="UTF-8"?>
<!-- Generated by org.testng.reporters.JUnitReportReporter -->
<testsuite skipped="0" hostname="Bansal-PC" name="com.jbk.Login_DP_Excel" tests="6" failures="0" timestamp="15 Apr 2018 05:25:10 GMT" time="72.731" errors="0">
  <testcase name="VerifyInvalidLogin" time="11.293" classname="com.jbk.Login_DP_Excel"/>
  <testcase name="VerifyInvalidLogin" time="14.010" classname="com.jbk.Login_DP_Excel"/>
  <testcase name="VerifyInvalidLogin" time="11.001" classname="com.jbk.Login_DP_Excel"/>
  <testcase name="VerifyInvalidLogin" time="11.834" classname="com.jbk.Login_DP_Excel"/>
  <testcase name="VerifyInvalidLogin" time="12.216" classname="com.jbk.Login_DP_Excel"/>
  <testcase name="VerifyInvalidLogin" time="12.377" classname="com.jbk.Login_DP_Excel"/>
</testsuite> <!-- com.jbk.Login_DP_Excel -->
