<?xml version="1.0" encoding="UTF-8"?>
<!-- Generated by org.testng.reporters.JUnitReportReporter -->
<testsuite skipped="0" hostname="Bansal-PC" name="com.jbk.Login_Test_Cases" tests="1" failures="0" timestamp="14 Mar 2018 03:20:03 GMT" time="10.861" errors="0">
  <testcase name="Blank_User" time="10.861" classname="com.jbk.Login_Test_Cases"/>
</testsuite> <!-- com.jbk.Login_Test_Cases -->
